running egg_info
creating build/yolo/yolo.egg-info
writing build/yolo/yolo.egg-info/PKG-INFO
writing dependency_links to build/yolo/yolo.egg-info/dependency_links.txt
writing entry points to build/yolo/yolo.egg-info/entry_points.txt
writing requirements to build/yolo/yolo.egg-info/requires.txt
writing top-level names to build/yolo/yolo.egg-info/top_level.txt
writing manifest file 'build/yolo/yolo.egg-info/SOURCES.txt'
reading manifest file 'build/yolo/yolo.egg-info/SOURCES.txt'
writing manifest file 'build/yolo/yolo.egg-info/SOURCES.txt'
running build
running install
running install_data
creating /home/yoheiyanagi/ros2_ws/src/realsense_yolo_detection/install/yolo/share/ament_index
creating /home/yoheiyanagi/ros2_ws/src/realsense_yolo_detection/install/yolo/share/ament_index/resource_index
creating /home/yoheiyanagi/ros2_ws/src/realsense_yolo_detection/install/yolo/share/ament_index/resource_index/packages
copying resource/yolo -> /home/yoheiyanagi/ros2_ws/src/realsense_yolo_detection/install/yolo/share/ament_index/resource_index/packages
copying package.xml -> /home/yoheiyanagi/ros2_ws/src/realsense_yolo_detection/install/yolo/share/yolo
creating /home/yoheiyanagi/ros2_ws/src/realsense_yolo_detection/install/yolo/share/yolo/launch
running install_egg_info
Copying build/yolo/yolo.egg-info to /home/yoheiyanagi/ros2_ws/src/realsense_yolo_detection/install/yolo/lib/python3.10/site-packages/yolo-0.0.1-py3.10.egg-info
running install_scripts
Installing control_node script to /home/yoheiyanagi/ros2_ws/src/realsense_yolo_detection/install/yolo/lib/yolo
Installing yolo_image_node script to /home/yoheiyanagi/ros2_ws/src/realsense_yolo_detection/install/yolo/lib/yolo
Installing yolo_trafficlight_node script to /home/yoheiyanagi/ros2_ws/src/realsense_yolo_detection/install/yolo/lib/yolo
writing list of installed files to '/home/yoheiyanagi/ros2_ws/src/realsense_yolo_detection/build/yolo/install.log'
