[0.056s] DEBUG:colcon:Command line arguments: ['/usr/bin/colcon', 'build']
[0.056s] DEBUG:colcon:Parsed command line arguments: Namespace(log_base=None, log_level=None, verb_name='build', build_base='build', install_base='install', merge_install=False, symlink_install=False, test_result_base=None, continue_on_error=False, executor='parallel', parallel_workers=24, event_handlers=None, ignore_user_meta=False, metas=['./colcon.meta'], base_paths=['.'], packages_ignore=None, packages_ignore_regex=None, paths=None, packages_up_to=None, packages_up_to_regex=None, packages_above=None, packages_above_and_dependencies=None, packages_above_depth=None, packages_select_by_dep=None, packages_skip_by_dep=None, packages_skip_up_to=None, packages_select_build_failed=False, packages_skip_build_finished=False, packages_select_test_failures=False, packages_skip_test_passed=False, packages_select=None, packages_skip=None, packages_select_regex=None, packages_skip_regex=None, packages_start=None, packages_end=None, allow_overriding=[], cmake_args=None, cmake_target=None, cmake_target_skip_unavailable=False, cmake_clean_cache=False, cmake_clean_first=False, cmake_force_configure=False, ament_cmake_args=None, catkin_cmake_args=None, catkin_skip_building_tests=False, verb_parser=<colcon_defaults.argument_parser.defaults.DefaultArgumentsDecorator object at 0x7f5f12bcd000>, verb_extension=<colcon_core.verb.build.BuildVerb object at 0x7f5f12e11b40>, main=<bound method BuildVerb.main of <colcon_core.verb.build.BuildVerb object at 0x7f5f12e11b40>>)
[0.131s] Level 1:colcon.colcon_core.package_discovery:discover_packages(colcon_meta) check parameters
[0.131s] Level 1:colcon.colcon_core.package_discovery:discover_packages(recursive) check parameters
[0.131s] Level 1:colcon.colcon_core.package_discovery:discover_packages(ignore) check parameters
[0.131s] Level 1:colcon.colcon_core.package_discovery:discover_packages(path) check parameters
[0.131s] Level 1:colcon.colcon_core.package_discovery:discover_packages(colcon_meta) discover
[0.131s] Level 1:colcon.colcon_core.package_discovery:discover_packages(recursive) discover
[0.131s] INFO:colcon.colcon_core.package_discovery:Crawling recursively for packages in '/home/yoheiyanagi/ros2_ws/src/realsense_yolo_detection'
[0.131s] Level 1:colcon.colcon_core.package_identification:_identify(.) by extensions ['ignore', 'ignore_ament_install']
[0.131s] Level 1:colcon.colcon_core.package_identification:_identify(.) by extension 'ignore'
[0.131s] Level 1:colcon.colcon_core.package_identification:_identify(.) by extension 'ignore_ament_install'
[0.131s] Level 1:colcon.colcon_core.package_identification:_identify(.) by extensions ['colcon_pkg']
[0.131s] Level 1:colcon.colcon_core.package_identification:_identify(.) by extension 'colcon_pkg'
[0.131s] Level 1:colcon.colcon_core.package_identification:_identify(.) by extensions ['colcon_meta']
[0.131s] Level 1:colcon.colcon_core.package_identification:_identify(.) by extension 'colcon_meta'
[0.131s] Level 1:colcon.colcon_core.package_identification:_identify(.) by extensions ['ros']
[0.131s] Level 1:colcon.colcon_core.package_identification:_identify(.) by extension 'ros'
[0.142s] DEBUG:colcon.colcon_core.package_identification:Package '.' with type 'ros.ament_python' and name 'yolo'
[0.142s] Level 1:colcon.colcon_core.package_discovery:discover_packages(recursive) using defaults
[0.142s] Level 1:colcon.colcon_core.package_discovery:discover_packages(ignore) discover
[0.142s] Level 1:colcon.colcon_core.package_discovery:discover_packages(ignore) using defaults
[0.142s] Level 1:colcon.colcon_core.package_discovery:discover_packages(path) discover
[0.142s] Level 1:colcon.colcon_core.package_discovery:discover_packages(path) using defaults
[0.151s] Level 1:colcon.colcon_core.package_discovery:discover_packages(prefix_path) check parameters
[0.151s] Level 1:colcon.colcon_core.package_discovery:discover_packages(prefix_path) discover
[0.152s] DEBUG:colcon.colcon_installed_package_information.package_discovery:Found 1 installed packages in /home/yoheiyanagi/ros2_ws/src/realsense_yolo_detection/install
[0.152s] DEBUG:colcon.colcon_installed_package_information.package_discovery:Found 5 installed packages in /home/yoheiyanagi/ros2_ws/install
[0.152s] DEBUG:colcon.colcon_installed_package_information.package_discovery:Found 271 installed packages in /opt/ros/humble
[0.153s] Level 1:colcon.colcon_core.package_discovery:discover_packages(prefix_path) using defaults
[0.168s] Level 5:colcon.colcon_core.verb:set package 'yolo' build argument 'cmake_args' from command line to 'None'
[0.168s] Level 5:colcon.colcon_core.verb:set package 'yolo' build argument 'cmake_target' from command line to 'None'
[0.168s] Level 5:colcon.colcon_core.verb:set package 'yolo' build argument 'cmake_target_skip_unavailable' from command line to 'False'
[0.168s] Level 5:colcon.colcon_core.verb:set package 'yolo' build argument 'cmake_clean_cache' from command line to 'False'
[0.168s] Level 5:colcon.colcon_core.verb:set package 'yolo' build argument 'cmake_clean_first' from command line to 'False'
[0.168s] Level 5:colcon.colcon_core.verb:set package 'yolo' build argument 'cmake_force_configure' from command line to 'False'
[0.168s] Level 5:colcon.colcon_core.verb:set package 'yolo' build argument 'ament_cmake_args' from command line to 'None'
[0.168s] Level 5:colcon.colcon_core.verb:set package 'yolo' build argument 'catkin_cmake_args' from command line to 'None'
[0.168s] Level 5:colcon.colcon_core.verb:set package 'yolo' build argument 'catkin_skip_building_tests' from command line to 'False'
[0.168s] DEBUG:colcon.colcon_core.verb:Building package 'yolo' with the following arguments: {'ament_cmake_args': None, 'build_base': '/home/yoheiyanagi/ros2_ws/src/realsense_yolo_detection/build/yolo', 'catkin_cmake_args': None, 'catkin_skip_building_tests': False, 'cmake_args': None, 'cmake_clean_cache': False, 'cmake_clean_first': False, 'cmake_force_configure': False, 'cmake_target': None, 'cmake_target_skip_unavailable': False, 'install_base': '/home/yoheiyanagi/ros2_ws/src/realsense_yolo_detection/install/yolo', 'merge_install': False, 'path': '/home/yoheiyanagi/ros2_ws/src/realsense_yolo_detection', 'symlink_install': False, 'test_result_base': None}
[0.168s] INFO:colcon.colcon_core.executor:Executing jobs using 'parallel' executor
[0.169s] DEBUG:colcon.colcon_parallel_executor.executor.parallel:run_until_complete
[0.169s] INFO:colcon.colcon_ros.task.ament_python.build:Building ROS package in '/home/yoheiyanagi/ros2_ws/src/realsense_yolo_detection' with build type 'ament_python'
[0.169s] Level 1:colcon.colcon_core.shell:create_environment_hook('yolo', 'ament_prefix_path')
[0.170s] INFO:colcon.colcon_core.plugin_system:Skipping extension 'colcon_core.shell.bat': Not used on non-Windows systems
[0.170s] INFO:colcon.colcon_core.shell:Creating environment hook '/home/yoheiyanagi/ros2_ws/src/realsense_yolo_detection/install/yolo/share/yolo/hook/ament_prefix_path.ps1'
[0.170s] INFO:colcon.colcon_core.shell:Creating environment descriptor '/home/yoheiyanagi/ros2_ws/src/realsense_yolo_detection/install/yolo/share/yolo/hook/ament_prefix_path.dsv'
[0.170s] INFO:colcon.colcon_core.shell:Creating environment hook '/home/yoheiyanagi/ros2_ws/src/realsense_yolo_detection/install/yolo/share/yolo/hook/ament_prefix_path.sh'
[0.171s] INFO:colcon.colcon_core.shell:Skip shell extension 'powershell' for command environment: Not usable outside of PowerShell
[0.171s] DEBUG:colcon.colcon_core.shell:Skip shell extension 'dsv' for command environment
[0.288s] INFO:colcon.colcon_core.task.python.build:Building Python package in '/home/yoheiyanagi/ros2_ws/src/realsense_yolo_detection'
[0.288s] INFO:colcon.colcon_core.shell:Skip shell extension 'powershell' for command environment: Not usable outside of PowerShell
[0.288s] DEBUG:colcon.colcon_core.shell:Skip shell extension 'dsv' for command environment
[0.445s] DEBUG:colcon.colcon_core.event_handler.log_command:Invoking command in '/home/yoheiyanagi/ros2_ws/src/realsense_yolo_detection': PYTHONPATH=/home/yoheiyanagi/ros2_ws/src/realsense_yolo_detection/build/yolo/prefix_override:/usr/lib/python3/dist-packages/colcon_core/task/python/colcon_distutils_commands:/home/yoheiyanagi/ros2_ws/src/realsense_yolo_detection/install/yolo/lib/python3.10/site-packages:${PYTHONPATH} /usr/bin/python3 -W ignore:setup.py install is deprecated setup.py egg_info --egg-base build/yolo build --build-base /home/yoheiyanagi/ros2_ws/src/realsense_yolo_detection/build/yolo/build install --record /home/yoheiyanagi/ros2_ws/src/realsense_yolo_detection/build/yolo/install.log --single-version-externally-managed install_data
[0.574s] DEBUG:colcon.colcon_core.event_handler.log_command:Invoked command in '/home/yoheiyanagi/ros2_ws/src/realsense_yolo_detection' returned '0': PYTHONPATH=/home/yoheiyanagi/ros2_ws/src/realsense_yolo_detection/build/yolo/prefix_override:/usr/lib/python3/dist-packages/colcon_core/task/python/colcon_distutils_commands:/home/yoheiyanagi/ros2_ws/src/realsense_yolo_detection/install/yolo/lib/python3.10/site-packages:${PYTHONPATH} /usr/bin/python3 -W ignore:setup.py install is deprecated setup.py egg_info --egg-base build/yolo build --build-base /home/yoheiyanagi/ros2_ws/src/realsense_yolo_detection/build/yolo/build install --record /home/yoheiyanagi/ros2_ws/src/realsense_yolo_detection/build/yolo/install.log --single-version-externally-managed install_data
[0.575s] Level 1:colcon.colcon_core.environment:checking '/home/yoheiyanagi/ros2_ws/src/realsense_yolo_detection/install/yolo' for CMake module files
[0.575s] Level 1:colcon.colcon_core.environment:checking '/home/yoheiyanagi/ros2_ws/src/realsense_yolo_detection/install/yolo' for CMake config files
[0.575s] Level 1:colcon.colcon_core.environment:checking '/home/yoheiyanagi/ros2_ws/src/realsense_yolo_detection/install/yolo/lib'
[0.576s] Level 1:colcon.colcon_core.environment:checking '/home/yoheiyanagi/ros2_ws/src/realsense_yolo_detection/install/yolo/bin'
[0.576s] Level 1:colcon.colcon_core.environment:checking '/home/yoheiyanagi/ros2_ws/src/realsense_yolo_detection/install/yolo/lib/pkgconfig/yolo.pc'
[0.576s] Level 1:colcon.colcon_core.environment:checking '/home/yoheiyanagi/ros2_ws/src/realsense_yolo_detection/install/yolo/lib/python3.10/site-packages'
[0.576s] Level 1:colcon.colcon_core.shell:create_environment_hook('yolo', 'pythonpath')
[0.576s] INFO:colcon.colcon_core.shell:Creating environment hook '/home/yoheiyanagi/ros2_ws/src/realsense_yolo_detection/install/yolo/share/yolo/hook/pythonpath.ps1'
[0.576s] INFO:colcon.colcon_core.shell:Creating environment descriptor '/home/yoheiyanagi/ros2_ws/src/realsense_yolo_detection/install/yolo/share/yolo/hook/pythonpath.dsv'
[0.576s] INFO:colcon.colcon_core.shell:Creating environment hook '/home/yoheiyanagi/ros2_ws/src/realsense_yolo_detection/install/yolo/share/yolo/hook/pythonpath.sh'
[0.577s] Level 1:colcon.colcon_core.environment:checking '/home/yoheiyanagi/ros2_ws/src/realsense_yolo_detection/install/yolo/bin'
[0.577s] Level 1:colcon.colcon_core.environment:create_environment_scripts_only(yolo)
[0.577s] INFO:colcon.colcon_core.shell:Creating package script '/home/yoheiyanagi/ros2_ws/src/realsense_yolo_detection/install/yolo/share/yolo/package.ps1'
[0.577s] INFO:colcon.colcon_core.shell:Creating package descriptor '/home/yoheiyanagi/ros2_ws/src/realsense_yolo_detection/install/yolo/share/yolo/package.dsv'
[0.578s] INFO:colcon.colcon_core.shell:Creating package script '/home/yoheiyanagi/ros2_ws/src/realsense_yolo_detection/install/yolo/share/yolo/package.sh'
[0.578s] INFO:colcon.colcon_core.shell:Creating package script '/home/yoheiyanagi/ros2_ws/src/realsense_yolo_detection/install/yolo/share/yolo/package.bash'
[0.578s] INFO:colcon.colcon_core.shell:Creating package script '/home/yoheiyanagi/ros2_ws/src/realsense_yolo_detection/install/yolo/share/yolo/package.zsh'
[0.578s] Level 1:colcon.colcon_core.environment:create_file_with_runtime_dependencies(/home/yoheiyanagi/ros2_ws/src/realsense_yolo_detection/install/yolo/share/colcon-core/packages/yolo)
[0.579s] DEBUG:colcon.colcon_parallel_executor.executor.parallel:closing loop
[0.579s] DEBUG:colcon.colcon_parallel_executor.executor.parallel:loop closed
[0.579s] DEBUG:colcon.colcon_parallel_executor.executor.parallel:run_until_complete finished with '0'
[0.579s] DEBUG:colcon.colcon_core.event_reactor:joining thread
[0.581s] INFO:colcon.colcon_core.plugin_system:Skipping extension 'colcon_notification.desktop_notification.terminal_notifier': Not used on non-Darwin systems
[0.581s] INFO:colcon.colcon_core.plugin_system:Skipping extension 'colcon_notification.desktop_notification.win32': Not used on non-Windows systems
[0.581s] INFO:colcon.colcon_notification.desktop_notification:Sending desktop notification using 'notify2'
[0.587s] DEBUG:colcon.colcon_core.event_reactor:joined thread
[0.587s] INFO:colcon.colcon_core.shell:Creating prefix script '/home/yoheiyanagi/ros2_ws/src/realsense_yolo_detection/install/local_setup.ps1'
[0.588s] INFO:colcon.colcon_core.shell:Creating prefix util module '/home/yoheiyanagi/ros2_ws/src/realsense_yolo_detection/install/_local_setup_util_ps1.py'
[0.588s] INFO:colcon.colcon_core.shell:Creating prefix chain script '/home/yoheiyanagi/ros2_ws/src/realsense_yolo_detection/install/setup.ps1'
[0.589s] INFO:colcon.colcon_core.shell:Creating prefix script '/home/yoheiyanagi/ros2_ws/src/realsense_yolo_detection/install/local_setup.sh'
[0.589s] INFO:colcon.colcon_core.shell:Creating prefix util module '/home/yoheiyanagi/ros2_ws/src/realsense_yolo_detection/install/_local_setup_util_sh.py'
[0.589s] INFO:colcon.colcon_core.shell:Creating prefix chain script '/home/yoheiyanagi/ros2_ws/src/realsense_yolo_detection/install/setup.sh'
[0.590s] INFO:colcon.colcon_core.shell:Creating prefix script '/home/yoheiyanagi/ros2_ws/src/realsense_yolo_detection/install/local_setup.bash'
[0.590s] INFO:colcon.colcon_core.shell:Creating prefix chain script '/home/yoheiyanagi/ros2_ws/src/realsense_yolo_detection/install/setup.bash'
[0.591s] INFO:colcon.colcon_core.shell:Creating prefix script '/home/yoheiyanagi/ros2_ws/src/realsense_yolo_detection/install/local_setup.zsh'
[0.591s] INFO:colcon.colcon_core.shell:Creating prefix chain script '/home/yoheiyanagi/ros2_ws/src/realsense_yolo_detection/install/setup.zsh'
